<?xml version="1.0" encoding="UTF-8"?>
<testsuite name="ReverseStringTest" tests="1" skipped="0" failures="0" errors="0" timestamp="2020-12-14T22:02:00" hostname="DESKTOP-USHJBE1" time="0.011">
  <properties/>
  <testcase name="reverseStringTest" classname="ReverseStringTest" time="0.011"/>
  <system-out><![CDATA[]]></system-out>
  <system-err><![CDATA[]]></system-err>
</testsuite>
