<?xml version="1.0" encoding="UTF-8"?>
<testsuite name="NthPowerKataTest" tests="1" skipped="0" failures="0" errors="0" timestamp="2020-12-11T23:23:25" hostname="DESKTOP-USHJBE1" time="0.002">
  <properties/>
  <testcase name="basicTests" classname="NthPowerKataTest" time="0.002"/>
  <system-out><![CDATA[]]></system-out>
  <system-err><![CDATA[]]></system-err>
</testsuite>
